-------------------------------------------------------------------------------
Test set: ru.yandex.practicum.OrderCreateTest
-------------------------------------------------------------------------------
Tests run: 5, Failures: 1, Errors: 0, Skipped: 0, Time elapsed: 1.312 s <<< FAILURE! - in ru.yandex.practicum.OrderCreateTest
createOrder[2 : color black and grey](ru.yandex.practicum.OrderCreateTest)  Time elapsed: 0.214 s  <<< FAILURE!
java.lang.AssertionError: 
1 expectation failed.
JSON path ok doesn't match.
Expected: <true>
  Actual: null

	at ru.yandex.practicum.OrderCreateTest.delete(OrderCreateTest.java:63)

