-------------------------------------------------------------------------------
Test set: ru.yandex.practicum.LoginTest
-------------------------------------------------------------------------------
Tests run: 6, Failures: 0, Errors: 2, Skipped: 0, Time elapsed: 12.804 s <<< FAILURE! - in ru.yandex.practicum.LoginTest
courierWithPasswordNull(ru.yandex.practicum.LoginTest)  Time elapsed: 5.461 s  <<< ERROR!
java.net.SocketTimeoutException: Read timed out
	at ru.yandex.practicum.LoginTest.courierWithPasswordNull(LoginTest.java:81)

courierWithoutPassword(ru.yandex.practicum.LoginTest)  Time elapsed: 5.504 s  <<< ERROR!
java.net.SocketTimeoutException: Read timed out
	at ru.yandex.practicum.LoginTest.courierWithoutPassword(LoginTest.java:59)

