<?xml version="1.0" encoding="UTF-8"?>
<testsuite xmlns:xsi="http://www.w3.org/2001/XMLSchema-instance" xsi:noNamespaceSchemaLocation="https://maven.apache.org/surefire/maven-surefire-plugin/xsd/surefire-test-report.xsd" name="ru.yandex.practicum.CourierCreateTest" time="5.104" tests="7" errors="0" skipped="0" failures="0">
  <properties>
[...]
</properties>
  <testcase name="createCourierWithExistingLogin" classname="ru.yandex.practicum.CourierCreateTest" time="4.341"/>
  <testcase name="createCourier" classname="ru.yandex.practicum.CourierCreateTest" time="0.166"/>
  <testcase name="createCourierWithoutLogin" classname="ru.yandex.practicum.CourierCreateTest" time="0.045"/>
  <testcase name="createCourierWithoutPassword" classname="ru.yandex.practicum.CourierCreateTest" time="0.048"/>
  <testcase name="createCourierWithoutName" classname="ru.yandex.practicum.CourierCreateTest" time="0.165"/>
  <testcase name="createCourierWithLoginNull" classname="ru.yandex.practicum.CourierCreateTest" time="0.04"/>
  <testcase name="createCourierWithPasswordNull" classname="ru.yandex.practicum.CourierCreateTest" time="0.046"/>
</testsuite>